1706514836351	geckodriver	INFO	Listening on 127.0.0.1:54410
1706514839403	mozrunner::runner	INFO	Running command: "C:\\Users\\tub70\\.cache\\selenium\\firefox\\win64\\122.0\\firefox.exe" "--marionette" "--remote-debugging- ... 1" "--remote-allow-hosts" "localhost" "-no-remote" "-profile" "C:\\Users\\tub70\\AppData\\Local\\Temp\\rust_mozprofileQAJtxH"
console.warn: services.settings: Ignoring preference override of remote settings server
console.warn: services.settings: Allow by setting MOZ_REMOTE_SETTINGS_DEVTOOLS=1 in the environment
1706514839623	Marionette	INFO	Marionette enabled
Dynamically enable window occlusion 0
1706514839672	Marionette	INFO	Listening on port 54429
WebDriver BiDi listening on ws://127.0.0.1:54411
Read port: 54429
1706514839788	RemoteAgent	WARN	TLS certificate errors will be ignored for this session
DevTools listening on ws://127.0.0.1:54411/devtools/browser/b4dd7dfd-1e87-4c83-acad-a35ddb52f17a
JavaScript warning: https://automationexercise.com/static/js/jquery.js, line 2: Using //@ to indicate sourceMappingURL pragmas is deprecated. Use //# instead
JavaScript warning: https://pagead2.googlesyndication.com/bg/IHSjRKKj3q_1Pt3c2sGWHmUCy_Bw5n5yhKh9CWyZSw4.js line 2 > eval line 5 > eval line 1 > eval line 1 > eval, line 1: WEBGL_debug_renderer_info is deprecated in Firefox and will be removed. Please use RENDERER.
JavaScript warning: https://pagead2.googlesyndication.com/bg/IHSjRKKj3q_1Pt3c2sGWHmUCy_Bw5n5yhKh9CWyZSw4.js line 2 > eval line 5598 > eval line 1 > eval line 1 > eval, line 1: WEBGL_debug_renderer_info is deprecated in Firefox and will be removed. Please use RENDERER.
JavaScript warning: https://pagead2.googlesyndication.com/pagead/managed/js/adsense/m202401240101/reactive_library_fy2021.js?bust=31080696, line 236: Script terminated by timeout at:
lr@https://pagead2.googlesyndication.com/pagead/managed/js/adsense/m202401240101/reactive_library_fy2021.js?bust=31080696:236:37
gr/<@https://pagead2.googlesyndication.com/pagead/managed/js/adsense/m202401240101/reactive_library_fy2021.js?bust=31080696:234:275
O/</<@https://pagead2.googlesyndication.com/pagead/managed/js/adsense/m202401240101/reactive_library_fy2021.js?bust=31080696:54:420
ya@https://pagead2.googlesyndication.com/pagead/managed/js/adsense/m202401240101/reactive_library_fy2021.js?bust=31080696:54:225
O/<@https://pagead2.googlesyndication.com/pagead/managed/js/adsense/m202401240101/reactive_library_fy2021.js?bust=31080696:54:409

1706514864630	Marionette	INFO	Stopped listening on port 54429
Dynamically enable window occlusion 1
